<?xml version="1.0" encoding="UTF-8" ?>
<testsuite tests="44" failures="0" name="CloudContainers.CucumberTest" time="0.069" errors="0" skipped="4">
  <properties>
[...]
</properties>
  <testcase classname="Adding a client to register" name="New client succesfully added" time="0.023"/>
  <testcase classname="Adding a client to register" name="Client already exists" time="0.001"/>
  <testcase classname="Adding a client to register" name="Missing parameter" time="0"/>
  <testcase classname="Adding a client to register" name="Email is invalid" time="0.001"/>
  <testcase classname="Adding a client to register" name="Birthdate is invalid" time="0.001"/>
  <testcase classname="access data as client" name="access existing data" time="0.003"/>
  <testcase classname="access data as client" name="container does not exist" time="0.006"/>
  <testcase classname="access data as client" name="container is not owned by client" time="0.005"/>
  <testcase classname="access data as client" name="journey has not started" time="0"/>
  <testcase classname="Add container to journey" name="Successfully add a container to journey" time="0.001"/>
  <testcase classname="Add container to journey" name="Client does not exist" time="0.001"/>
  <testcase classname="Add container to journey" name="Container does not exist" time="0"/>
  <testcase classname="Add container to journey" name="Journey does not exist" time="0"/>
  <testcase classname="Allocate a container to a client" name="succesfull allocation" time="0"/>
  <testcase classname="Allocate a container to a client" name="container already owned" time="0.001"/>
  <testcase classname="Allocate a container to a client" name="container does not exist" time="0.001"/>
  <testcase classname="Allocate a container to a client" name="client does not exist" time="0.001"/>
  <testcase classname="End a journey" name="a journey successfully ended" time="0.001"/>
  <testcase classname="End a journey" name="journey does not exist" time="0"/>
  <testcase classname="Client wish to filter journey" name="client wish to filter journeys after port of origin" time="0.003"/>
  <testcase classname="Client wish to filter journey" name="client wish to filter journeys after destination" time="0"/>
  <testcase classname="Client wish to filter journey" name="no journey matching port of destination given by input" time="0.001"/>
  <testcase classname="Client wish to filter journey" name="no journey matching destination given by input" time="0"/>
  <testcase classname="Free a container" name="a container is successfully freed" time="0.002">
    <skipped/>
  </testcase>
  <testcase classname="Free a container" name="a container is successfully freed" time="0.003">
    <skipped/>
  </testcase>
  <testcase classname="Free a container" name="a container is successfully freed" time="0.003">
    <skipped/>
  </testcase>
  <testcase classname="Free a container" name="a container is successfully freed" time="0.003">
    <skipped/>
  </testcase>
  <testcase classname="Remove client" name="A logistic company wants to remove a client" time="0"/>
  <testcase classname="Remove client" name="A logistic company wants to remove a client" time="0.001"/>
  <testcase classname="Remove client" name="A logistic company tries to remove a non existing client" time="0"/>
  <testcase classname="Remove client" name="A logistic company tries to remove a non existing client" time="0"/>
  <testcase classname="elapse time for journey" name="Elapse time of journey for ten hours" time="0.001"/>
  <testcase classname="elapse time for journey" name="journey ends" time="0"/>
  <testcase classname="elapse time for journey" name="no container assigned to journey" time="0.001"/>
  <testcase classname="elapse time for journey" name="time increment is to small" time="0.001"/>
  <testcase classname="Logistic company search for client" name="Searching for an existing client" time="0.002"/>
  <testcase classname="Logistic company search for client" name="Searching for an existing client" time="0.001"/>
  <testcase classname="Logistic company search for client" name="Searching for a non existing client" time="0"/>
  <testcase classname="Logistic company search for client" name="Searching for a non existing client" time="0"/>
  <testcase classname="Update client information" name="Client wants to update email" time="0.001"/>
  <testcase classname="Update client information" name="Client wants to update phone number" time="0"/>
  <testcase classname="Title of your feature" name="Logistic company wants to update the port of origin of a journey" time="0"/>
  <testcase classname="Title of your feature" name="Logistic company wants to update the destination of a journey" time="0"/>
  <testcase classname="Title of your feature" name="Journey does not exist" time="0"/>
</testsuite>