<?xml version="1.0" encoding="UTF-8" ?>
<testsuite tests="9" failures="0" name="CloudContainers.CucumberTest" time="0.024" errors="0" skipped="9">
  <properties>
[...]
</properties>
  <testcase classname="Title of your feature" name="Logistic company wants to update the port of origin of a journey" time="0.006">
    <skipped/>
    <system-err>Mar 29, 2020 7:43:10 PM cucumber.runtime.java.ObjectFactoryLoader loadSingleObjectFactory
INFO: Loading ObjectFactory via service loader: io.cucumber.picocontainer.PicoFactory
</system-err>
  </testcase>
  <testcase classname="Title of your feature" name="Logistic company wants to update the port of origin of a journey" time="0.006">
    <skipped/>
  </testcase>
  <testcase classname="Title of your feature" name="Logistic company wants to update the port of origin of a journey" time="0.006">
    <skipped/>
  </testcase>
  <testcase classname="Title of your feature" name="Logistic company wants to update the destination of a journey" time="0.001">
    <skipped/>
  </testcase>
  <testcase classname="Title of your feature" name="Logistic company wants to update the destination of a journey" time="0.001">
    <skipped/>
  </testcase>
  <testcase classname="Title of your feature" name="Logistic company wants to update the destination of a journey" time="0.001">
    <skipped/>
  </testcase>
  <testcase classname="Title of your feature" name="Journey does not exist" time="0.001">
    <skipped/>
  </testcase>
  <testcase classname="Title of your feature" name="Journey does not exist" time="0.001">
    <skipped/>
  </testcase>
  <testcase classname="Title of your feature" name="Journey does not exist" time="0.001">
    <skipped/>
  </testcase>
</testsuite>